d:\github\chat\2\debug\2.pch
d:\github\chat\2\debug\vc120.pdb
d:\github\chat\2\debug\vc120.idb
d:\github\chat\2\debug\stdafx.obj
d:\github\chat\2\debug\2.obj
\\mac\home\desktop\programming\c++\pipechat\2\debug\2.pch
\\mac\home\desktop\programming\c++\pipechat\2\debug\vc120.pdb
\\mac\home\desktop\programming\c++\pipechat\2\debug\vc120.idb
\\mac\home\desktop\programming\c++\pipechat\2\debug\stdafx.obj
\\mac\home\desktop\programming\c++\pipechat\2\debug\2.obj
d:\github\chat\debug\2.ilk
d:\github\chat\debug\2.exe
d:\github\chat\debug\2.pdb
\\mac\home\desktop\programming\c++\pipechat\debug\2.ilk
\\mac\home\desktop\programming\c++\pipechat\debug\2.exe
\\mac\home\desktop\programming\c++\pipechat\debug\2.pdb
d:\github\chat\2\debug\2.res
\\mac\home\desktop\programming\c++\pipechat\2\debug\2.res
d:\github\chat\2\debug\2.tlog\cl.command.1.tlog
d:\github\chat\2\debug\2.tlog\cl.read.1.tlog
d:\github\chat\2\debug\2.tlog\cl.write.1.tlog
d:\github\chat\2\debug\2.tlog\link.command.1.tlog
d:\github\chat\2\debug\2.tlog\link.read.1.tlog
d:\github\chat\2\debug\2.tlog\link.write.1.tlog
d:\github\chat\2\debug\2.tlog\rc.command.1.tlog
d:\github\chat\2\debug\2.tlog\rc.read.1.tlog
d:\github\chat\2\debug\2.tlog\rc.write.1.tlog
