d:\github\chat\server\debug\server.pch
d:\github\chat\server\debug\vc120.pdb
d:\github\chat\server\debug\vc120.idb
d:\github\chat\server\debug\stdafx.obj
d:\github\chat\server\debug\server.obj
\\mac\home\desktop\programming\c++\pipechat\server\debug\server.pch
\\mac\home\desktop\programming\c++\pipechat\server\debug\vc120.pdb
\\mac\home\desktop\programming\c++\pipechat\server\debug\vc120.idb
\\mac\home\desktop\programming\c++\pipechat\server\debug\stdafx.obj
\\mac\home\desktop\programming\c++\pipechat\server\debug\server.obj
d:\github\chat\debug\server.ilk
d:\github\chat\debug\server.exe
d:\github\chat\debug\server.pdb
\\mac\home\desktop\programming\c++\pipechat\debug\server.ilk
\\mac\home\desktop\programming\c++\pipechat\debug\server.exe
\\mac\home\desktop\programming\c++\pipechat\debug\server.pdb
d:\github\chat\server\debug\server.tlog\cl.command.1.tlog
d:\github\chat\server\debug\server.tlog\cl.read.1.tlog
d:\github\chat\server\debug\server.tlog\cl.write.1.tlog
d:\github\chat\server\debug\server.tlog\link.command.1.tlog
d:\github\chat\server\debug\server.tlog\link.read.1.tlog
d:\github\chat\server\debug\server.tlog\link.write.1.tlog
